<?xml version="1.0" encoding="UTF-8"?>
<!-- Generated by org.testng.reporters.JUnitXMLReporter -->
<testsuite ignored="0" hostname="TWXJ61Q6HR" failures="0" tests="10" name="SimpleRegression" time="3.563" errors="0" timestamp="2025-05-08T21:50:56 WIB">
  <testcase classname="testng.AssertTest" name="testMethod" time="0.004"/>
  <testcase classname="testng.DataProviderTest" name="testMethod" time="0.002"/>
  <testcase classname="testng.RetryTest" name="flackyTest" time="0.005">
    <skipped/>
  </testcase> <!-- flackyTest -->
  <testcase classname="testng.DataProviderTest" name="testMethod" time="0.0"/>
  <testcase classname="testng.RetryTest" name="flackyTest" time="0.0">
    <skipped/>
  </testcase> <!-- flackyTest -->
  <testcase classname="testng.DataProviderTest" name="testMethod" time="0.0"/>
  <testcase classname="testng.RetryTest" name="flackyTest" time="0.0"/>
  <testcase classname="testng.SimpleTest" name="testMethod" time="1.006"/>
  <testcase classname="testng.SimpleTest" name="testMethod2" time="2.007"/>
  <testcase classname="testng.SimpleTest" name="testMethod3" time="0.506"/>
</testsuite> <!-- SimpleRegression -->
