<?xml version="1.0" encoding="UTF-8"?>
<testsuite xmlns:xsi="http://www.w3.org/2001/XMLSchema-instance" xsi:noNamespaceSchemaLocation="https://maven.apache.org/surefire/maven-surefire-plugin/xsd/surefire-test-report.xsd" version="3.0.2" name="TestSuite" time="3.765" tests="10" errors="0" skipped="2" failures="0">
  <properties>
[...]
</properties>
  <testcase name="testMethod" classname="testng.AssertTest" time="0.003">
    <system-out><![CDATA[Retrsying test flackyTest for the 1 time.
]]></system-out>
    <system-err><![CDATA[SLF4J(W): No SLF4J providers were found.
SLF4J(W): Defaulting to no-operation (NOP) logger implementation
SLF4J(W): See https://www.slf4j.org/codes.html#noProviders for further details.
]]></system-err>
  </testcase>
  <testcase name="testMethod[1234, active](1)" classname="testng.DataProviderTest" time="0.003">
    <system-out><![CDATA[Retrsying test flackyTest for the 1 time.
]]></system-out>
    <system-err><![CDATA[SLF4J(W): No SLF4J providers were found.
SLF4J(W): Defaulting to no-operation (NOP) logger implementation
SLF4J(W): See https://www.slf4j.org/codes.html#noProviders for further details.
]]></system-err>
  </testcase>
  <testcase name="testMethod[4567, inactive](2)" classname="testng.DataProviderTest" time="0.0">
    <system-out><![CDATA[Test method executed 4567 with status inactive
Running test 2
Retrsying test flackyTest for the 2 time.
]]></system-out>
  </testcase>
  <testcase name="testMethod[1255, active](3)" classname="testng.DataProviderTest" time="0.0">
    <system-out><![CDATA[Test method executed 1255 with status active
Running test 3
]]></system-out>
  </testcase>
  <testcase name="flackyTest" classname="testng.RetryTest" time="0.0">
    <skipped message="expected [true] but found [false]"/>
  </testcase>
  <testcase name="flackyTest" classname="testng.RetryTest" time="0.0">
    <skipped message="expected [true] but found [false]"/>
    <system-out><![CDATA[Test method executed 4567 with status inactive
Running test 2
Retrsying test flackyTest for the 2 time.
]]></system-out>
  </testcase>
  <testcase name="flackyTest" classname="testng.RetryTest" time="0.0">
    <system-out><![CDATA[Test method executed 1255 with status active
Running test 3
]]></system-out>
  </testcase>
  <testcase name="testMethod" classname="testng.SimpleTest" time="1.002"/>
  <testcase name="testMethod2" classname="testng.SimpleTest" time="2.011">
    <system-out><![CDATA[Running after each test method...
Running before each test method...
This is a simple test method.
Thread ID: 45 name: TestNG-test-SimpleRegression-5
]]></system-out>
  </testcase>
  <testcase name="testMethod3" classname="testng.SimpleTest" time="0.507">
    <system-out><![CDATA[Running after each test method...
Running before each test method...
This is a simple test method.
Thread ID: 45 name: TestNG-test-SimpleRegression-5
]]></system-out>
  </testcase>
</testsuite>